\BOOKMARK [0][-]{chapter*.8}{Lista de Figuras}{}% 1
\BOOKMARK [0][-]{chapter*.9}{Lista de Tabelas}{}% 2
\BOOKMARK [0][-]{chapter*.10}{Lista de Siglas e Abreviaturas}{}% 3
\BOOKMARK [1][-]{section.0.1}{Software Defined Network}{chapter*.10}% 4
\BOOKMARK [2][-]{subsection.0.1.1}{Arquitetura}{section.0.1}% 5
\BOOKMARK [2][-]{subsection.0.1.2}{Data plane e Control plane}{section.0.1}% 6
\BOOKMARK [2][-]{subsection.0.1.3}{Management plane}{section.0.1}% 7
\BOOKMARK [2][-]{subsection.0.1.4}{Data Plane}{section.0.1}% 8
\BOOKMARK [1][-]{section.0.2}{Mininet}{chapter*.10}% 9
\BOOKMARK [2][-]{subsection.0.2.1}{Arquitetura}{section.0.2}% 10
\BOOKMARK [2][-]{subsection.0.2.2}{Funcionamento}{section.0.2}% 11
\BOOKMARK [2][-]{subsection.0.2.3}{API Python}{section.0.2}% 12
\BOOKMARK [2][-]{subsection.0.2.4}{Desvantagens}{section.0.2}% 13
\BOOKMARK [1][-]{section.0.3}{An\341lise}{chapter*.10}% 14
\BOOKMARK [2][-]{subsection.0.3.1}{Benchmarks da aplica\347\343o}{section.0.3}% 15
\BOOKMARK [2][-]{subsection.0.3.2}{Benchmarks das redes simuladas }{section.0.3}% 16
\BOOKMARK [2][-]{subsection.0.3.3}{Ambiente de testes}{section.0.3}% 17
\BOOKMARK [2][-]{subsection.0.3.4}{Experimentos}{section.0.3}% 18
\BOOKMARK [2][-]{subsection.0.3.5}{An\341lise dos resultados}{section.0.3}% 19
\BOOKMARK [0][-]{chapter*.19}{Refer\352ncias Bibliogr\341ficas}{}% 20
