1 511 0.213
32 534 1.633
64 562 3.945
96 589 6.464
128 618 12.516
160 646 9.371
192 677 14.821
224 705 23.108
256 733 21.951
288 765 18.999
320 790 34.456
352 819 32.131
384 848 35.423
416 877 38.567
448 907 41.612
480 937 44.948
512 966 48.054
544 997 51.546
576 1027 55.718
608 1056 59.260
640 1086 62.990
672 1113 71.233
704 1144 75.770
736 1167 79.734
768 1198 83.627
800 1228 88.134
832 1259 92.442
864 1289 95.278
896 1321 100.887
928 1351 104.545
960 1383 107.845
992 1415 112.653
1024 1446 121.997
