1 443 0.219
32 475 1.632
64 503 3.904
96 532 6.392
128 561 12.313
160 587 9.312
192 616 14.760
224 647 22.881
256 675 16.467
288 704 23.048
320 732 34.059
352 760 32.069
384 789 34.880
416 818 38.192
448 848 41.172
480 876 44.390
512 906 47.577
544 938 50.898
576 967 54.251
608 996 58.647
640 1026 69.263
672 1054 71.647
704 1084 74.484
736 1113 78.727
768 1144 82.500
800 1174 87.128
832 1205 92.168
864 1235 97.682
896 1267 100.845
928 1297 103.184
960 1328 107.559
992 1361 112.653
1024 1382 121.131
