1 315 0.373
32 371 7.327
64 427 14.307
96 482 23.526
128 536 57.889
160 584 52.399
192 639 61.722
224 703 79.988
256 771 93.927
288 820 110.373
320 884 131.757
352 948 148.070
384 1018 164.881
416 1084 185.144
448 1157 233.368
480 1214 267.359
512 1285 300.919
544 1355 342.818
576 1426 381.460
608 1499 426.831
640 1565 407.146
672 1643 495.349
704 1717 533.411
736 1796 571.546
768 1868 626.380
800 1904 682.873
832 1903 714.877
864 1904 665.725
896 1909 682.845
928 1909 735.368
960 1906 766.578
992 1773 805.902
1024 1667 813.831
